<?xml version="1.0" encoding="UTF-8"?>
<testng-results ignored="0" total="9" passed="9" failed="0" skipped="0">
  <reporter-output>
  </reporter-output>
  <suite started-at="2024-07-09T07:02:09Z" name="Default suite" finished-at="2024-07-09T07:02:17Z" duration-ms="8398">
    <groups>
    </groups>
    <test started-at="2024-07-09T07:02:09Z" name="Default test" finished-at="2024-07-09T07:02:17Z" duration-ms="8398">
      <class name="com.omrbranch.pojoclass.Sample">
        <test-method signature="stateList()[pri:0, instance:com.omrbranch.pojoclass.Sample@6f7923a5]" started-at="2024-07-09T07:02:09Z" name="stateList" finished-at="2024-07-09T07:02:11Z" duration-ms="2472" status="PASS">
          <reporter-output>
          </reporter-output>
        </test-method> <!-- stateList -->
        <test-method signature="login()[pri:1, instance:com.omrbranch.pojoclass.Sample@6f7923a5]" started-at="2024-07-09T07:02:11Z" name="login" finished-at="2024-07-09T07:02:12Z" duration-ms="687" status="PASS">
          <reporter-output>
          </reporter-output>
        </test-method> <!-- login -->
        <test-method signature="addAddress()[pri:2, instance:com.omrbranch.pojoclass.Sample@6f7923a5]" started-at="2024-07-09T07:02:12Z" name="addAddress" finished-at="2024-07-09T07:02:12Z" duration-ms="572" status="PASS">
          <reporter-output>
          </reporter-output>
        </test-method> <!-- addAddress -->
        <test-method signature="UpdateAddress()[pri:3, instance:com.omrbranch.pojoclass.Sample@6f7923a5]" started-at="2024-07-09T07:02:12Z" name="UpdateAddress" finished-at="2024-07-09T07:02:13Z" duration-ms="578" status="PASS">
          <reporter-output>
          </reporter-output>
        </test-method> <!-- UpdateAddress -->
        <test-method signature="getUseraddress()[pri:4, instance:com.omrbranch.pojoclass.Sample@6f7923a5]" started-at="2024-07-09T07:02:13Z" name="getUseraddress" finished-at="2024-07-09T07:02:13Z" duration-ms="492" status="PASS">
          <reporter-output>
          </reporter-output>
        </test-method> <!-- getUseraddress -->
        <test-method signature="deleteaddress()[pri:5, instance:com.omrbranch.pojoclass.Sample@6f7923a5]" started-at="2024-07-09T07:02:13Z" name="deleteaddress" finished-at="2024-07-09T07:02:14Z" duration-ms="395" status="PASS">
          <reporter-output>
          </reporter-output>
        </test-method> <!-- deleteaddress -->
        <test-method signature="searchProduct()[pri:6, instance:com.omrbranch.pojoclass.Sample@6f7923a5]" started-at="2024-07-09T07:02:14Z" name="searchProduct" finished-at="2024-07-09T07:02:14Z" duration-ms="463" status="PASS">
          <reporter-output>
          </reporter-output>
        </test-method> <!-- searchProduct -->
        <test-method signature="cityList()[pri:8, instance:com.omrbranch.pojoclass.Sample@6f7923a5]" started-at="2024-07-09T07:02:14Z" name="cityList" finished-at="2024-07-09T07:02:15Z" duration-ms="416" status="PASS">
          <reporter-output>
          </reporter-output>
        </test-method> <!-- cityList -->
        <test-method signature="profilePic()[pri:9, instance:com.omrbranch.pojoclass.Sample@6f7923a5]" started-at="2024-07-09T07:02:15Z" name="profilePic" finished-at="2024-07-09T07:02:17Z" duration-ms="2230" status="PASS">
          <reporter-output>
          </reporter-output>
        </test-method> <!-- profilePic -->
      </class> <!-- com.omrbranch.pojoclass.Sample -->
    </test> <!-- Default test -->
  </suite> <!-- Default suite -->
</testng-results>
